C:\Users\Astral\FinalProject\vc10\Debug\cl.command.1.tlog
C:\Users\Astral\FinalProject\vc10\Debug\CL.read.1.tlog
C:\Users\Astral\FinalProject\vc10\Debug\CL.write.1.tlog
C:\USERS\ASTRAL\FINALPROJECT\VC10\DEBUG\ENEMYBULLET.OBJ
C:\USERS\ASTRAL\FINALPROJECT\VC10\DEBUG\ENEMYGUN.OBJ
C:\USERS\ASTRAL\FINALPROJECT\VC10\DEBUG\ENEMYSHIP.OBJ
C:\USERS\ASTRAL\FINALPROJECT\VC10\DEBUG\ENEMYSHIP1.OBJ
C:\USERS\ASTRAL\FINALPROJECT\VC10\DEBUG\ENEMYSHIP2.OBJ
C:\USERS\ASTRAL\FINALPROJECT\VC10\DEBUG\ENEMYSHIP3.OBJ
C:\USERS\ASTRAL\FINALPROJECT\VC10\DEBUG\ENEMYSHIP4.OBJ
C:\USERS\ASTRAL\FINALPROJECT\VC10\DEBUG\ENEMYSHIP5.OBJ
C:\USERS\ASTRAL\FINALPROJECT\VC10\DEBUG\ENEMYSHIP6.OBJ
C:\USERS\ASTRAL\FINALPROJECT\VC10\DEBUG\FINALPROJECTAPP.EXE
C:\USERS\ASTRAL\FINALPROJECT\VC10\DEBUG\FINALPROJECTAPP.EXE.EMBED.MANIFEST
C:\USERS\ASTRAL\FINALPROJECT\VC10\DEBUG\FINALPROJECTAPP.EXE.EMBED.MANIFEST.RES
C:\USERS\ASTRAL\FINALPROJECT\VC10\DEBUG\FINALPROJECTAPP.EXE.INTERMEDIATE.MANIFEST
C:\USERS\ASTRAL\FINALPROJECT\VC10\DEBUG\FINALPROJECTAPP.ILK
C:\USERS\ASTRAL\FINALPROJECT\VC10\DEBUG\FINALPROJECTAPP.OBJ
C:\USERS\ASTRAL\FINALPROJECT\VC10\DEBUG\FINALPROJECTAPP.PDB
C:\Users\Astral\FinalProject\vc10\Debug\FinalProjectApp_manifest.rc
C:\Users\Astral\FinalProject\vc10\Debug\link.1776.read.1.tlog
C:\Users\Astral\FinalProject\vc10\Debug\link.1776.read.2.tlog
C:\Users\Astral\FinalProject\vc10\Debug\link.1776.write.1.tlog
C:\Users\Astral\FinalProject\vc10\Debug\link.1776-cvtres.read.1.tlog
C:\Users\Astral\FinalProject\vc10\Debug\link.1776-cvtres.write.1.tlog
C:\Users\Astral\FinalProject\vc10\Debug\link.2592.read.1.tlog
C:\Users\Astral\FinalProject\vc10\Debug\link.2592.read.2.tlog
C:\Users\Astral\FinalProject\vc10\Debug\link.2592.write.1.tlog
C:\Users\Astral\FinalProject\vc10\Debug\link.2592-cvtres.read.1.tlog
C:\Users\Astral\FinalProject\vc10\Debug\link.2592-cvtres.write.1.tlog
C:\Users\Astral\FinalProject\vc10\Debug\link.2644.read.1.tlog
C:\Users\Astral\FinalProject\vc10\Debug\link.2644.read.2.tlog
C:\Users\Astral\FinalProject\vc10\Debug\link.2644.write.1.tlog
C:\Users\Astral\FinalProject\vc10\Debug\link.2644-cvtres.read.1.tlog
C:\Users\Astral\FinalProject\vc10\Debug\link.2644-cvtres.write.1.tlog
C:\Users\Astral\FinalProject\vc10\Debug\link.2824.read.1.tlog
C:\Users\Astral\FinalProject\vc10\Debug\link.2824.read.2.tlog
C:\Users\Astral\FinalProject\vc10\Debug\link.2824.write.1.tlog
C:\Users\Astral\FinalProject\vc10\Debug\link.2824-cvtres.read.1.tlog
C:\Users\Astral\FinalProject\vc10\Debug\link.2824-cvtres.write.1.tlog
C:\Users\Astral\FinalProject\vc10\Debug\link.3336.read.1.tlog
C:\Users\Astral\FinalProject\vc10\Debug\link.3336.read.2.tlog
C:\Users\Astral\FinalProject\vc10\Debug\link.3336.write.1.tlog
C:\Users\Astral\FinalProject\vc10\Debug\link.3336-cvtres.read.1.tlog
C:\Users\Astral\FinalProject\vc10\Debug\link.3336-cvtres.write.1.tlog
C:\Users\Astral\FinalProject\vc10\Debug\link.3552.read.1.tlog
C:\Users\Astral\FinalProject\vc10\Debug\link.3552.read.2.tlog
C:\Users\Astral\FinalProject\vc10\Debug\link.3552.write.1.tlog
C:\Users\Astral\FinalProject\vc10\Debug\link.3552-cvtres.read.1.tlog
C:\Users\Astral\FinalProject\vc10\Debug\link.3552-cvtres.write.1.tlog
C:\Users\Astral\FinalProject\vc10\Debug\link.3752.read.1.tlog
C:\Users\Astral\FinalProject\vc10\Debug\link.3752.read.2.tlog
C:\Users\Astral\FinalProject\vc10\Debug\link.3752.write.1.tlog
C:\Users\Astral\FinalProject\vc10\Debug\link.3752-cvtres.read.1.tlog
C:\Users\Astral\FinalProject\vc10\Debug\link.3752-cvtres.write.1.tlog
C:\Users\Astral\FinalProject\vc10\Debug\link.4020.read.1.tlog
C:\Users\Astral\FinalProject\vc10\Debug\link.4020.read.2.tlog
C:\Users\Astral\FinalProject\vc10\Debug\link.4020.write.1.tlog
C:\Users\Astral\FinalProject\vc10\Debug\link.4020-cvtres.read.1.tlog
C:\Users\Astral\FinalProject\vc10\Debug\link.4020-cvtres.write.1.tlog
C:\Users\Astral\FinalProject\vc10\Debug\link.command.1.tlog
C:\Users\Astral\FinalProject\vc10\Debug\link.read.1.tlog
C:\Users\Astral\FinalProject\vc10\Debug\link.read.2.tlog
C:\Users\Astral\FinalProject\vc10\Debug\link.write.1.tlog
C:\Users\Astral\FinalProject\vc10\Debug\link-cvtres.read.1.tlog
C:\Users\Astral\FinalProject\vc10\Debug\link-cvtres.write.1.tlog
C:\USERS\ASTRAL\FINALPROJECT\VC10\DEBUG\MAINSCENE.OBJ
C:\Users\Astral\FinalProject\vc10\Debug\mt.command.1.tlog
C:\Users\Astral\FinalProject\vc10\Debug\mt.read.1.tlog
C:\Users\Astral\FinalProject\vc10\Debug\mt.write.1.tlog
C:\USERS\ASTRAL\FINALPROJECT\VC10\DEBUG\PLAYERBULLET.OBJ
C:\USERS\ASTRAL\FINALPROJECT\VC10\DEBUG\PLAYERGUN.OBJ
C:\USERS\ASTRAL\FINALPROJECT\VC10\DEBUG\PLAYERSHIP.OBJ
C:\Users\Astral\FinalProject\vc10\Debug\rc.command.1.tlog
C:\Users\Astral\FinalProject\vc10\Debug\rc.read.1.tlog
C:\Users\Astral\FinalProject\vc10\Debug\rc.write.1.tlog
C:\USERS\ASTRAL\FINALPROJECT\VC10\DEBUG\RESOURCES.RES
C:\Users\Astral\FinalProject\vc10\Debug\vc100.idb
C:\USERS\ASTRAL\FINALPROJECT\VC10\DEBUG\VC100.PDB
